C51 COMPILER V9.01   PROJECT2                                                              03/22/2025 22:58:08 PAGE 1   


C51 COMPILER V9.01, COMPILATION OF MODULE PROJECT2
OBJECT MODULE PLACED IN project2.OBJ
COMPILER INVOKED BY: D:\Soft\tool\KeilC51v9.01a\C51\BIN\C51.EXE project2.c BROWSE DEBUG OBJECTEXTEND

line level    source

   1          #include "SST89x5x4.H"
   2          void main(void)
   3          {
   4   1              unsigned char data i;
   5   1              while(1)
   6   1              {
   7   2              P3 = P3 | 0x0F ;
   8   2              i = P3;
   9   2              P2 = (i<<4) & 0xF0;
  10   2              }
  11   1      }                                                                                                


MODULE INFORMATION:   STATIC OVERLAYABLE
   CODE SIZE        =     13    ----
   CONSTANT SIZE    =   ----    ----
   XDATA SIZE       =   ----    ----
   PDATA SIZE       =   ----    ----
   DATA SIZE        =   ----    ----
   IDATA SIZE       =   ----    ----
   BIT SIZE         =   ----    ----
END OF MODULE INFORMATION.


C51 COMPILATION COMPLETE.  0 WARNING(S),  0 ERROR(S)
