C51 COMPILER V9.01   P1                                                                    03/27/2025 16:36:00 PAGE 1   


C51 COMPILER V9.01, COMPILATION OF MODULE P1
OBJECT MODULE PLACED IN p1.OBJ
COMPILER INVOKED BY: D:\Soft\tool\KeilC51v9.01a\C51\BIN\C51.EXE p1.c BROWSE DEBUG OBJECTEXTEND

line level    source

   1          #include "SST89x5x4.h"
   2          #include "Intrins.h"
   3          
   4          void delay(void)
   5          {
   6   1              unsigned int x;
   7   1              for(x=0; x<0xFFFF; x++);
   8   1      }
   9          
  10          void int0_isr() interrupt 0              //INT0 中断，外部中断0 的中断号为0
  11          {
  12   1              unsigned char j;
  13   1              for(j=0; j<4; j++)
  14   1              {
  15   2                      P1 = 0xFF; //使LED 闪烁
  16   2                      delay();
  17   2                      P1 = 0x00;
  18   2                      delay();
  19   2              }       
  20   1      }
  21          
  22          void int2_isr() interrupt 2 //INT1 中断，外部中断1 的中断号为2
  23          {
  24   1              unsigned char i=0x03, j;
  25   1              for(j=0; j<16; j++)
  26   1              {
  27   2                      P1 = i; //使LED 流水显示
  28   2                      i = _crol_(i, 2);
  29   2                      delay();
  30   2              }
  31   1              P1 = 0x00;
  32   1      }
  33          
  34          void main()
  35          {
  36   1              P1 = 0x00;
  37   1              IP=0x04;
  38   1              IT0 = 1; EX0 = 1; //中断0
  39   1              IT1 = 1; EX1 = 1; //中断1
  40   1              EA = 1;
  41   1              while(1);
  42   1      }


MODULE INFORMATION:   STATIC OVERLAYABLE
   CODE SIZE        =    135    ----
   CONSTANT SIZE    =   ----    ----
   XDATA SIZE       =   ----    ----
   PDATA SIZE       =   ----    ----
   DATA SIZE        =   ----    ----
   IDATA SIZE       =   ----    ----
   BIT SIZE         =   ----    ----
END OF MODULE INFORMATION.


C51 COMPILATION COMPLETE.  0 WARNING(S),  0 ERROR(S)
